<?xml version="1.0" encoding="UTF-8"?>
<!-- Generated by org.testng.reporters.JUnitReportReporter -->
<testsuite hostname="DESKTOP-T6EROU0" failures="0" tests="1" name="com.testCases.TC_3" time="1.440" errors="0" timestamp="2025-01-20T10:52:17 IST" skipped="0">
  <testcase classname="com.testCases.TC_3" name="method" time="1.440"/>
</testsuite> <!-- com.testCases.TC_3 -->
