<?xml version="1.0" encoding="UTF-8"?>
<!-- Generated by org.testng.reporters.JUnitReportReporter -->
<testsuite hostname="DESKTOP-T6EROU0" failures="0" tests="1" name="com.testCases.TC_006" time="33.130" errors="0" timestamp="2025-01-20T10:57:05 IST" skipped="0">
  <testcase classname="com.testCases.TC_006" name="method" time="33.130"/>
</testsuite> <!-- com.testCases.TC_006 -->
