<?xml version="1.0" encoding="UTF-8"?>
<!-- Generated by org.testng.reporters.JUnitReportReporter -->
<testsuite hostname="DESKTOP-T6EROU0" failures="0" tests="1" name="com.testCases.TC_006" time="36.293" errors="0" timestamp="2025-01-20T11:07:13 IST" skipped="0">
  <testcase classname="com.testCases.TC_006" name="method" time="36.293"/>
</testsuite> <!-- com.testCases.TC_006 -->
